[debug] [2023-11-22T16:23:42.191Z] ----------------------------------------------------------------------
[debug] [2023-11-22T16:23:42.196Z] Command:       C:\Program Files\Nodejs\node.exe C:\Users\Shubham\AppData\Roaming\npm\node_modules\firebase-tools\lib\bin\firebase.js init
[debug] [2023-11-22T16:23:42.197Z] CLI Version:   12.9.1
[debug] [2023-11-22T16:23:42.198Z] Platform:      win32
[debug] [2023-11-22T16:23:42.198Z] Node Version:  v18.18.0
[debug] [2023-11-22T16:23:42.200Z] Time:          Wed Nov 22 2023 21:53:42 GMT+0530 (India Standard Time)
[debug] [2023-11-22T16:23:42.200Z] ----------------------------------------------------------------------
[debug] 
[debug] [2023-11-22T16:23:42.216Z] > command requires scopes: ["email","openid","https://www.googleapis.com/auth/cloudplatformprojects.readonly","https://www.googleapis.com/auth/firebase","https://www.googleapis.com/auth/cloud-platform"]
[debug] [2023-11-22T16:23:42.217Z] > authorizing via signed-in user (rj13sgnr01@gmail.com)
[info] 
     ######## #### ########  ######## ########     ###     ######  ########
     ##        ##  ##     ## ##       ##     ##  ##   ##  ##       ##
     ######    ##  ########  ######   ########  #########  ######  ######
     ##        ##  ##    ##  ##       ##     ## ##     ##       ## ##
     ##       #### ##     ## ######## ########  ##     ##  ######  ########

You're about to initialize a Firebase project in this directory:

  C:\OneDrive\Web Development\React\blogs

Before we get started, keep in mind:

  * You are currently outside your home directory

[info] 
=== Project Setup
[info] 
[info] First, let's associate this project directory with a Firebase project.
[info] You can create multiple project aliases by running firebase use --add, 
[info] but for now we'll just set up a default project.
[info] 
[debug] [2023-11-22T16:24:18.284Z] >>> [apiv2][query] GET https://firebase.googleapis.com/v1beta1/projects pageSize=100
[debug] [2023-11-22T16:24:19.322Z] <<< [apiv2][status] GET https://firebase.googleapis.com/v1beta1/projects 200
[debug] [2023-11-22T16:24:19.323Z] <<< [apiv2][body] GET https://firebase.googleapis.com/v1beta1/projects [omitted]
[info] i  Using project react-blog-bdfb8 (react-blog) 
[info] 
=== Hosting Setup
[debug] [2023-11-22T16:24:21.373Z] >>> [apiv2][query] GET https://firebase.googleapis.com/v1beta1/projects/react-blog-bdfb8 [none]
[debug] [2023-11-22T16:24:21.891Z] <<< [apiv2][status] GET https://firebase.googleapis.com/v1beta1/projects/react-blog-bdfb8 200
[debug] [2023-11-22T16:24:21.892Z] <<< [apiv2][body] GET https://firebase.googleapis.com/v1beta1/projects/react-blog-bdfb8 {"projectId":"react-blog-bdfb8","projectNumber":"571233699235","displayName":"react-blog","name":"projects/react-blog-bdfb8","resources":{"hostingSite":"react-blog-bdfb8"},"state":"ACTIVE","etag":"1_c96cf634-a66f-4040-a714-b548f16f6bb9"}
[info] 
[info] Your public directory is the folder (relative to your project directory) that
[info] will contain Hosting assets to be uploaded with firebase deploy. If you
[info] have a build process for your assets, use your build's output directory.
[info] 
[debug] [2023-11-22T16:24:55.456Z] >>> [apiv2][query] GET https://www.gstatic.com/firebasejs/releases.json [none]
[debug] [2023-11-22T16:24:55.712Z] <<< [apiv2][status] GET https://www.gstatic.com/firebasejs/releases.json 200
[debug] [2023-11-22T16:24:55.713Z] <<< [apiv2][body] GET https://www.gstatic.com/firebasejs/releases.json {"current":{"version":"10.6.0","browserURL":"https://www.gstatic.com/firebasejs/10.6.0/firebase.js","packageURL":"https://www.gstatic.com/firebasejs/10.6.0/firebase.tgz"},"live":{"version":"10.6","browserURL":"https://www.gstatic.com/firebasejs/live/10.6/firebase.js","packageURL":"https://www.gstatic.com/firebasejs/live/10.6/firebase.tgz"},"components":{"analytics":"https://www.gstatic.com/firebasejs/10.6.0/firebase-analytics.js","app":"https://www.gstatic.com/firebasejs/10.6.0/firebase-app.js","app-check":"https://www.gstatic.com/firebasejs/10.6.0/firebase-app-check.js","auth":"https://www.gstatic.com/firebasejs/10.6.0/firebase-auth.js","auth/cordova":"https://www.gstatic.com/firebasejs/10.6.0/firebase-auth/cordova.js","functions":"https://www.gstatic.com/firebasejs/10.6.0/firebase-functions.js","firestore":"https://www.gstatic.com/firebasejs/10.6.0/firebase-firestore.js","firestore/lite":"https://www.gstatic.com/firebasejs/10.6.0/firebase-firestore/lite.js","installations":"https://www.gstatic.com/firebasejs/10.6.0/firebase-installations.js","storage":"https://www.gstatic.com/firebasejs/10.6.0/firebase-storage.js","performance":"https://www.gstatic.com/firebasejs/10.6.0/firebase-performance.js","remote-config":"https://www.gstatic.com/firebasejs/10.6.0/firebase-remote-config.js","messaging":"https://www.gstatic.com/firebasejs/10.6.0/firebase-messaging.js","messaging/sw":"https://www.gstatic.com/firebasejs/10.6.0/firebase-messaging/sw.js","database":"https://www.gstatic.com/firebasejs/10.6.0/firebase-database.js","firestore.memory":"https://www.gstatic.com/firebasejs/10.6.0/firebase-firestore.memory.js"}}
[info] i  Skipping write of build/index.html 
[info] 
[info] i  Detected a .git folder at C:\OneDrive\Web Development\React\blogs 
[info] i  Authorizing with GitHub to upload your service account to a GitHub repository's secrets store. 
[info] 
[info] Visit this URL on this device to log in:
[info] https://github.com/login/oauth/authorize?client_id=89cf50f02ac6aaed3484&state=751507861&redirect_uri=http%3A%2F%2Flocalhost%3A9005&scope=read%3Auser%20repo%20public_repo
[info] 
[info] Waiting for authentication...
[debug] [2023-11-22T16:25:12.462Z] >>> [apiv2][query] POST https://github.com/login/oauth/access_token [none]
[debug] [2023-11-22T16:25:12.463Z] >>> [apiv2][body] POST https://github.com/login/oauth/access_token [stream]
[debug] [2023-11-22T16:25:12.955Z] <<< [apiv2][status] POST https://github.com/login/oauth/access_token 200
[debug] [2023-11-22T16:25:12.956Z] <<< [apiv2][body] POST https://github.com/login/oauth/access_token {"access_token":"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","token_type":"bearer","scope":"read:user,repo"}
[debug] [2023-11-22T16:25:12.990Z] >>> [apiv2][query] GET https://api.github.com/user [none]
[debug] [2023-11-22T16:25:13.467Z] <<< [apiv2][status] GET https://api.github.com/user 200
[debug] [2023-11-22T16:25:13.468Z] <<< [apiv2][body] GET https://api.github.com/user {"login":"jarvis-exes","id":72239404,"node_id":"MDQ6VXNlcjcyMjM5NDA0","avatar_url":"https://avatars.githubusercontent.com/u/72239404?v=4","gravatar_id":"","url":"https://api.github.com/users/jarvis-exes","html_url":"https://github.com/jarvis-exes","followers_url":"https://api.github.com/users/jarvis-exes/followers","following_url":"https://api.github.com/users/jarvis-exes/following{/other_user}","gists_url":"https://api.github.com/users/jarvis-exes/gists{/gist_id}","starred_url":"https://api.github.com/users/jarvis-exes/starred{/owner}{/repo}","subscriptions_url":"https://api.github.com/users/jarvis-exes/subscriptions","organizations_url":"https://api.github.com/users/jarvis-exes/orgs","repos_url":"https://api.github.com/users/jarvis-exes/repos","events_url":"https://api.github.com/users/jarvis-exes/events{/privacy}","received_events_url":"https://api.github.com/users/jarvis-exes/received_events","type":"User","site_admin":false,"name":"Shubham Sharma","company":"Infosys Limited","blog":"","location":"Pune ","email":null,"hireable":true,"bio":null,"twitter_username":"jarvis_exes","public_repos":7,"public_gists":0,"followers":0,"following":0,"created_at":"2020-10-02T02:41:07Z","updated_at":"2023-10-21T15:44:19Z","private_gists":0,"total_private_repos":0,"owned_private_repos":0,"disk_usage":21584,"collaborators":0,"two_factor_authentication":false,"plan":{"name":"free","space":976562499,"collaborators":0,"private_repos":10000}}
[info] 
[info] +  Success! Logged into GitHub as jarvis-exes 
[info] 
[debug] [2023-11-22T16:25:35.270Z] >>> [apiv2][query] GET https://api.github.com/repos//actions/secrets/public-key type=owner
[debug] [2023-11-22T16:25:35.676Z] <<< [apiv2][status] GET https://api.github.com/repos//actions/secrets/public-key 404
[debug] [2023-11-22T16:25:35.677Z] <<< [apiv2][body] GET https://api.github.com/repos//actions/secrets/public-key {"message":"Not Found","documentation_url":"https://docs.github.com/rest"}
[info] 
[info] 
[error] !  The provided authorization cannot be used with this repository. If this repository is in an organization, did you remember to grant access? 
[info] 
[info] i  Action required: Visit this URL to ensure access has been granted to the appropriate organization(s) for the Firebase CLI GitHub OAuth App: 
[info] https://github.com/settings/connections/applications/89cf50f02ac6aaed3484
[info] 
